Log file open, 03/29/22 22:58:01
LogWindows: Failed to load 'aqProf.dll' (GetLastError=126)
LogWindows: File 'aqProf.dll' does not exist
LogWindows: Failed to load 'VtuneApi.dll' (GetLastError=126)
LogWindows: File 'VtuneApi.dll' does not exist
LogWindows: Failed to load 'VtuneApi32e.dll' (GetLastError=126)
LogWindows: File 'VtuneApi32e.dll' does not exist
LogConsoleResponse: Display: Failed to find resolution value strings in scalability ini. Falling back to default.
LogConsoleResponse: Display: Failed to find resolution value strings in scalability ini. Falling back to default.
LogInit: Display: Running engine for game: SneezeGameThird
LogPlatformFile: Not using cached read wrapper
LogTaskGraph: Started task graph with 5 named threads and 23 total threads with 3 sets of task threads.
LogStats: Stats thread started at 0.670103
LogICUInternationalization: ICU TimeZone Detection - Raw Offset: -5:00, Platform Override: ''
LogInit: Display: Loading text-based GConfig....
LogPluginManager: Mounting plugin MeshPainting
LogPluginManager: Mounting plugin XGEController
LogPluginManager: Mounting plugin Paper2D
LogPluginManager: Mounting plugin LiveLink
LogPluginManager: Mounting plugin AISupport
LogPluginManager: Mounting plugin EnvironmentQueryEditor
LogPluginManager: Mounting plugin LightPropagationVolume
LogPluginManager: Mounting plugin CameraShakePreviewer
LogPluginManager: Mounting plugin GameplayCameras
LogPluginManager: Mounting plugin OodleData
LogPluginManager: Mounting plugin OodleNetwork
LogPluginManager: Mounting plugin CryptoKeys
LogPluginManager: Mounting plugin AssetManagerEditor
LogPluginManager: Mounting plugin CurveEditorTools
LogPluginManager: Mounting plugin DataValidation
LogPluginManager: Mounting plugin FacialAnimation
LogPluginManager: Mounting plugin GameplayTagsEditor
LogPluginManager: Mounting plugin GeometryMode
LogPluginManager: Mounting plugin MacGraphicsSwitching
LogPluginManager: Mounting plugin MaterialAnalyzer
LogPluginManager: Mounting plugin MobileLauncherProfileWizard
LogPluginManager: Mounting plugin PluginBrowser
LogPluginManager: Mounting plugin SpeedTreeImporter
LogPluginManager: Mounting plugin AnimationSharing
LogPluginManager: Mounting plugin CLionSourceCodeAccess
LogPluginManager: Mounting plugin CodeLiteSourceCodeAccess
LogPluginManager: Mounting plugin GitSourceControl
LogPluginManager: Mounting plugin KDevelopSourceCodeAccess
LogPluginManager: Mounting plugin NullSourceCodeAccess
LogPluginManager: Mounting plugin PixWinPlugin
LogPluginManager: Mounting plugin PerforceSourceControl
LogPluginManager: Mounting plugin PluginUtils
LogPluginManager: Mounting plugin PlasticSourceControl
LogPluginManager: Mounting plugin RiderSourceCodeAccess
LogPluginManager: Mounting plugin PropertyAccessNode
LogPluginManager: Mounting plugin TextureFormatOodle
LogPluginManager: Mounting plugin SubversionSourceControl
LogPluginManager: Mounting plugin UObjectPlugin
LogPluginManager: Mounting plugin VisualStudioSourceCodeAccess
LogPluginManager: Mounting plugin VisualStudioCodeSourceCodeAccess
LogPluginManager: Mounting plugin XCodeSourceCodeAccess
LogPluginManager: Mounting plugin DatasmithContent
LogPluginManager: Mounting plugin VariantManagerContent
LogPluginManager: Mounting plugin Niagara
LogPluginManager: Mounting plugin AlembicImporter
LogPluginManager: Mounting plugin AutomationUtils
LogPluginManager: Mounting plugin BackChannel
LogPluginManager: Mounting plugin ChaosCloth
LogPluginManager: Mounting plugin ChaosClothEditor
LogPluginManager: Mounting plugin ChaosEditor
LogPluginManager: Mounting plugin ChaosNiagara
LogPluginManager: Mounting plugin ChaosSolverPlugin
LogPluginManager: Mounting plugin CharacterAI
LogPluginManager: Mounting plugin GeometryCache
LogPluginManager: Mounting plugin GeometryCollectionPlugin
LogPluginManager: Mounting plugin GeometryProcessing
LogPluginManager: Mounting plugin MotoSynth
LogPluginManager: Mounting plugin OpenImageDenoise
LogPluginManager: Mounting plugin LuminPlatformFeatures
LogPluginManager: Mounting plugin MagicLeap
LogPluginManager: Mounting plugin MagicLeapLightEstimation
LogPluginManager: Mounting plugin MagicLeapMedia
LogPluginManager: Mounting plugin MagicLeapPassableWorld
LogPluginManager: Mounting plugin ProxyLODPlugin
LogPluginManager: Mounting plugin MLSDK
LogPluginManager: Mounting plugin PlatformCrypto
LogPluginManager: Mounting plugin PlanarCut
LogPluginManager: Mounting plugin PythonScriptPlugin
LogPluginManager: Mounting plugin SkeletalReduction
LogPluginManager: Mounting plugin AndroidMedia
LogPluginManager: Mounting plugin AvfMedia
LogPluginManager: Mounting plugin ImgMedia
LogPluginManager: Mounting plugin MediaCompositing
LogPluginManager: Mounting plugin MediaPlayerEditor
LogPluginManager: Mounting plugin WebMMedia
LogPluginManager: Mounting plugin WmfMedia
LogPluginManager: Mounting plugin TcpMessaging
LogPluginManager: Mounting plugin UdpMessaging
LogPluginManager: Mounting plugin ActorSequence
LogPluginManager: Mounting plugin LevelSequenceEditor
LogPluginManager: Mounting plugin MatineeToLevelSequence
LogPluginManager: Mounting plugin TemplateSequence
LogPluginManager: Mounting plugin OnlineSubsystem
LogPluginManager: Mounting plugin OnlineSubsystemNull
LogPluginManager: Mounting plugin OnlineSubsystemUtils
LogPluginManager: Mounting plugin LauncherChunkInstaller
LogPluginManager: Mounting plugin AndroidMoviePlayer
LogPluginManager: Mounting plugin AndroidDeviceProfileSelector
LogPluginManager: Mounting plugin ActorLayerUtilities
LogPluginManager: Mounting plugin AndroidPermission
LogPluginManager: Mounting plugin AppleImageUtils
LogPluginManager: Mounting plugin AppleMoviePlayer
LogPluginManager: Mounting plugin AudioCapture
LogPluginManager: Mounting plugin AssetTags
LogPluginManager: Mounting plugin AudioSynesthesia
LogPluginManager: Mounting plugin CableComponent
LogPluginManager: Mounting plugin ChunkDownloader
LogPluginManager: Mounting plugin CustomMeshComponent
LogPluginManager: Mounting plugin EditableMesh
LogPluginManager: Mounting plugin ExampleDeviceProfileSelector
LogPluginManager: Mounting plugin GoogleCloudMessaging
LogPluginManager: Mounting plugin GooglePAD
LogPluginManager: Mounting plugin ArchVisCharacter
LogPluginManager: Mounting plugin IOSDeviceProfileSelector
LogPluginManager: Mounting plugin LocationServicesBPLibrary
LogPluginManager: Mounting plugin LinuxDeviceProfileSelector
LogPluginManager: Mounting plugin MobilePatchingUtils
LogPluginManager: Mounting plugin OpenXRHandTracking
LogPluginManager: Mounting plugin OpenXREyeTracker
LogPluginManager: Mounting plugin OpenXR
LogPluginManager: Mounting plugin PhysXVehicles
LogPluginManager: Mounting plugin PostSplashScreen
LogPluginManager: Mounting plugin ProceduralMeshComponent
LogPluginManager: Mounting plugin PropertyAccessEditor
LogPluginManager: Mounting plugin SignificanceManager
LogPluginManager: Mounting plugin RuntimePhysXCooking
LogPluginManager: Mounting plugin SoundFields
LogPluginManager: Mounting plugin Synthesis
LogPluginManager: Mounting plugin WebMMoviePlayer
LogPluginManager: Mounting plugin WindowsMoviePlayer
LogPluginManager: Mounting plugin ScreenshotTools
LogPluginManager: Mounting plugin Takes
LogPluginManager: Mounting plugin ContentBrowserAssetDataSource
LogPluginManager: Mounting plugin ContentBrowserClassDataSource
LogPluginManager: Mounting plugin ContentBrowserFileDataSource
LogPluginManager: Mounting plugin OnlineSubsystemGooglePlay
LogPluginManager: Mounting plugin OnlineSubsystemIOS
LogPluginManager: Mounting plugin OculusVR
LogPluginManager: Mounting plugin SteamVR
PixWinPlugin: PIX capture plugin failed to initialize! Check that the process is launched from PIX.
LogLuminAPIImpl: Warning: MLSDK not found.  This likely means the MLSDK environment variable is not set.
LogInit: Using libcurl 7.55.1-DEV
LogInit:  - built for x86_64-pc-win32
LogInit:  - supports SSL with OpenSSL/1.1.1
LogInit:  - supports HTTP deflate (compression) using libz 1.2.8
LogInit:  - other features:
LogInit:      CURL_VERSION_SSL
LogInit:      CURL_VERSION_LIBZ
LogInit:      CURL_VERSION_IPV6
LogInit:      CURL_VERSION_ASYNCHDNS
LogInit:      CURL_VERSION_LARGEFILE
LogInit:      CURL_VERSION_IDN
LogInit:  CurlRequestOptions (configurable via config and command line):
LogInit:  - bVerifyPeer = true  - Libcurl will verify peer certificate
LogInit:  - bUseHttpProxy = false  - Libcurl will NOT use HTTP proxy
LogInit:  - bDontReuseConnections = false  - Libcurl will reuse connections
LogInit:  - MaxHostConnections = 16  - Libcurl will limit the number of connections to a host
LogInit:  - LocalHostAddr = Default
LogInit:  - BufferSize = 65536
LogOnline: OSS: Creating online subsystem instance for: NULL
LogInit: WinSock: version 1.1 (2.2), MaxSocks=32767, MaxUdp=65467
LogOnline: OSS: TryLoadSubsystemAndSetDefault: Loaded subsystem for module [NULL]
LogOculusPluginWrapper: OculusPlugin initialized successfully
LogHMD: Failed initializing OVRPlugin 1.59.0
LogInit: Build: ++UE4+Release-4.27-CL-18319896
LogInit: Engine Version: 4.27.2-18319896+++UE4+Release-4.27
LogInit: Compatible Engine Version: 4.27.0-17155196+++UE4+Release-4.27
LogInit: Net CL: 17155196
LogInit: OS: Windows 10 (Release 2009) (), CPU: AMD Ryzen 5 3550H with Radeon Vega Mobile Gfx  , GPU: AMD Radeon(TM) Vega 8 Graphics
LogInit: Compiled (64-bit): Nov 30 2021 07:12:08
LogInit: Compiled with Visual C++: 19.24.28315.00
LogInit: Build Configuration: Development
LogInit: Branch Name: ++UE4+Release-4.27
LogInit: Command Line: 
LogInit: Base Directory: C:/Program Files/Epic Games/UE_4.27/Engine/Binaries/Win64/
LogInit: Allocator: TBB
LogInit: Installed Engine Build: 1
LogDevObjectVersion: Number of dev versions registered: 29
LogDevObjectVersion:   Dev-Blueprints (B0D832E4-1F89-4F0D-ACCF-7EB736FD4AA2): 10
LogDevObjectVersion:   Dev-Build (E1C64328-A22C-4D53-A36C-8E866417BD8C): 0
LogDevObjectVersion:   Dev-Core (375EC13C-06E4-48FB-B500-84F0262A717E): 4
LogDevObjectVersion:   Dev-Editor (E4B068ED-F494-42E9-A231-DA0B2E46BB41): 40
LogDevObjectVersion:   Dev-Framework (CFFC743F-43B0-4480-9391-14DF171D2073): 37
LogDevObjectVersion:   Dev-Mobile (B02B49B5-BB20-44E9-A304-32B752E40360): 3
LogDevObjectVersion:   Dev-Networking (A4E4105C-59A1-49B5-A7C5-40C4547EDFEE): 0
LogDevObjectVersion:   Dev-Online (39C831C9-5AE6-47DC-9A44-9C173E1C8E7C): 0
LogDevObjectVersion:   Dev-Physics (78F01B33-EBEA-4F98-B9B4-84EACCB95AA2): 14
LogDevObjectVersion:   Dev-Platform (6631380F-2D4D-43E0-8009-CF276956A95A): 0
LogDevObjectVersion:   Dev-Rendering (12F88B9F-8875-4AFC-A67C-D90C383ABD29): 45
LogDevObjectVersion:   Dev-Sequencer (7B5AE74C-D270-4C10-A958-57980B212A5A): 13
LogDevObjectVersion:   Dev-VR (D7296918-1DD6-4BDD-9DE2-64A83CC13884): 3
LogDevObjectVersion:   Dev-LoadTimes (C2A15278-BFE7-4AFE-6C17-90FF531DF755): 1
LogDevObjectVersion:   Private-Geometry (6EACA3D4-40EC-4CC1-B786-8BED09428FC5): 3
LogDevObjectVersion:   Dev-AnimPhys (29E575DD-E0A3-4627-9D10-D276232CDCEA): 17
LogDevObjectVersion:   Dev-Anim (AF43A65D-7FD3-4947-9873-3E8ED9C1BB05): 15
LogDevObjectVersion:   Dev-ReflectionCapture (6B266CEC-1EC7-4B8F-A30B-E4D90942FC07): 1
LogDevObjectVersion:   Dev-Automation (0DF73D61-A23F-47EA-B727-89E90C41499A): 1
LogDevObjectVersion:   FortniteMain (601D1886-AC64-4F84-AA16-D3DE0DEAC7D6): 47
LogDevObjectVersion:   FortniteRelease (E7086368-6B23-4C58-8439-1B7016265E91): 1
LogDevObjectVersion:   Dev-Enterprise (9DFFBCD6-494F-0158-E221-12823C92A888): 10
LogDevObjectVersion:   Dev-Niagara (F2AED0AC-9AFE-416F-8664-AA7FFA26D6FC): 1
LogDevObjectVersion:   Dev-Destruction (174F1F0B-B4C6-45A5-B13F-2EE8D0FB917D): 10
LogDevObjectVersion:   Dev-Physics-Ext (35F94A83-E258-406C-A318-09F59610247C): 41
LogDevObjectVersion:   Dev-PhysicsMaterial-Chaos (B68FC16E-8B1B-42E2-B453-215C058844FE): 1
LogDevObjectVersion:   Dev-CineCamera (B2E18506-4273-CFC2-A54E-F4BB758BBA07): 1
LogDevObjectVersion:   Dev-VirtualProduction (64F58936-FD1B-42BA-BA96-7289D5D0FA4E): 1
LogDevObjectVersion:   Dev-MediaFramework (6F0ED827-A609-4895-9C91-998D90180EA4): 2
LogInit: Presizing for max 25165824 objects, including 0 objects not considered by GC, pre-allocating 0 bytes for permanent pool.
LogConfig: Applying CVar settings from Section [/Script/Engine.StreamingSettings] File [C:/Users/Jalis/Desktop/SneezeGameUnreal/SneezeGameThird/Saved/Config/Windows/Engine.ini]
LogConfig: Setting CVar [[s.MinBulkDataSizeForAsyncLoading:131072]]
LogConfig: Setting CVar [[s.AsyncLoadingThreadEnabled:0]]
LogConfig: Setting CVar [[s.EventDrivenLoaderEnabled:1]]
LogConfig: Setting CVar [[s.WarnIfTimeLimitExceeded:0]]
LogConfig: Setting CVar [[s.TimeLimitExceededMultiplier:1.5]]
LogConfig: Setting CVar [[s.TimeLimitExceededMinTime:0.005]]
LogConfig: Setting CVar [[s.UseBackgroundLevelStreaming:1]]
LogConfig: Setting CVar [[s.PriorityAsyncLoadingExtraTime:15.0]]
LogConfig: Setting CVar [[s.LevelStreamingActorsUpdateTimeLimit:5.0]]
LogConfig: Setting CVar [[s.PriorityLevelStreamingActorsUpdateExtraTime:5.0]]
LogConfig: Setting CVar [[s.LevelStreamingComponentsRegistrationGranularity:10]]
LogConfig: Setting CVar [[s.UnregisterComponentsTimeLimit:1.0]]
LogConfig: Setting CVar [[s.LevelStreamingComponentsUnregistrationGranularity:5]]
LogConfig: Setting CVar [[s.FlushStreamingOnExit:1]]
LogInit: Object subsystem initialized
LogConfig: Setting CVar [[con.DebugEarlyDefault:1]]
LogConfig: Setting CVar [[r.setres:1280x720]]
[2022.03.30-02.58.05:046][  0]LogConfig: Setting CVar [[r.VSync:0]]
[2022.03.30-02.58.05:046][  0]LogConfig: Setting CVar [[r.RHICmdBypass:0]]
[2022.03.30-02.58.05:046][  0]LogConfig: Applying CVar settings from Section [/Script/Engine.RendererSettings] File [C:/Users/Jalis/Desktop/SneezeGameUnreal/SneezeGameThird/Saved/Config/Windows/Engine.ini]
[2022.03.30-02.58.05:046][  0]LogConfig: Setting CVar [[r.GPUCrashDebugging:0]]
[2022.03.30-02.58.05:046][  0]LogConfig: Applying CVar settings from Section [/Script/Engine.RendererOverrideSettings] File [C:/Users/Jalis/Desktop/SneezeGameUnreal/SneezeGameThird/Saved/Config/Windows/Engine.ini]
[2022.03.30-02.58.05:046][  0]LogConfig: Applying CVar settings from Section [/Script/Engine.StreamingSettings] File [C:/Users/Jalis/Desktop/SneezeGameUnreal/SneezeGameThird/Saved/Config/Windows/Engine.ini]
[2022.03.30-02.58.05:046][  0]LogConfig: Setting CVar [[s.MinBulkDataSizeForAsyncLoading:131072]]
[2022.03.30-02.58.05:046][  0]LogConfig: Setting CVar [[s.AsyncLoadingThreadEnabled:0]]
[2022.03.30-02.58.05:046][  0]LogConfig: Setting CVar [[s.EventDrivenLoaderEnabled:1]]
[2022.03.30-02.58.05:046][  0]LogConfig: Setting CVar [[s.WarnIfTimeLimitExceeded:0]]
[2022.03.30-02.58.05:046][  0]LogConfig: Setting CVar [[s.TimeLimitExceededMultiplier:1.5]]
[2022.03.30-02.58.05:046][  0]LogConfig: Setting CVar [[s.TimeLimitExceededMinTime:0.005]]
[2022.03.30-02.58.05:046][  0]LogConfig: Setting CVar [[s.UseBackgroundLevelStreaming:1]]
[2022.03.30-02.58.05:046][  0]LogConfig: Setting CVar [[s.PriorityAsyncLoadingExtraTime:15.0]]
[2022.03.30-02.58.05:046][  0]LogConfig: Setting CVar [[s.LevelStreamingActorsUpdateTimeLimit:5.0]]
[2022.03.30-02.58.05:047][  0]LogConfig: Setting CVar [[s.PriorityLevelStreamingActorsUpdateExtraTime:5.0]]
[2022.03.30-02.58.05:047][  0]LogConfig: Setting CVar [[s.LevelStreamingComponentsRegistrationGranularity:10]]
[2022.03.30-02.58.05:047][  0]LogConfig: Setting CVar [[s.UnregisterComponentsTimeLimit:1.0]]
[2022.03.30-02.58.05:047][  0]LogConfig: Setting CVar [[s.LevelStreamingComponentsUnregistrationGranularity:5]]
[2022.03.30-02.58.05:047][  0]LogConfig: Setting CVar [[s.FlushStreamingOnExit:1]]
[2022.03.30-02.58.05:047][  0]LogConfig: Applying CVar settings from Section [/Script/Engine.GarbageCollectionSettings] File [C:/Users/Jalis/Desktop/SneezeGameUnreal/SneezeGameThird/Saved/Config/Windows/Engine.ini]
[2022.03.30-02.58.05:047][  0]LogConfig: Setting CVar [[gc.MaxObjectsNotConsideredByGC:1]]
[2022.03.30-02.58.05:047][  0]LogConfig: Setting CVar [[gc.SizeOfPermanentObjectPool:0]]
[2022.03.30-02.58.05:047][  0]LogConfig: Setting CVar [[gc.FlushStreamingOnGC:0]]
[2022.03.30-02.58.05:047][  0]LogConfig: Setting CVar [[gc.NumRetriesBeforeForcingGC:10]]
[2022.03.30-02.58.05:047][  0]LogConfig: Setting CVar [[gc.AllowParallelGC:1]]
[2022.03.30-02.58.05:047][  0]LogConfig: Setting CVar [[gc.TimeBetweenPurgingPendingKillObjects:61.1]]
[2022.03.30-02.58.05:047][  0]LogConfig: Setting CVar [[gc.MaxObjectsInEditor:25165824]]
[2022.03.30-02.58.05:047][  0]LogConfig: Setting CVar [[gc.IncrementalBeginDestroyEnabled:1]]
[2022.03.30-02.58.05:047][  0]LogConfig: Setting CVar [[gc.CreateGCClusters:1]]
[2022.03.30-02.58.05:047][  0]LogConfig: Setting CVar [[gc.MinGCClusterSize:5]]
[2022.03.30-02.58.05:047][  0]LogConfig: Setting CVar [[gc.ActorClusteringEnabled:0]]
[2022.03.30-02.58.05:047][  0]LogConfig: Setting CVar [[gc.BlueprintClusteringEnabled:0]]
[2022.03.30-02.58.05:047][  0]LogConfig: Setting CVar [[gc.UseDisregardForGCOnDedicatedServers:0]]
[2022.03.30-02.58.05:047][  0]LogConfig: Setting CVar [[gc.MultithreadedDestructionEnabled:1]]
[2022.03.30-02.58.05:047][  0]LogConfig: Applying CVar settings from Section [/Script/Engine.NetworkSettings] File [C:/Users/Jalis/Desktop/SneezeGameUnreal/SneezeGameThird/Saved/Config/Windows/Engine.ini]
[2022.03.30-02.58.05:047][  0]LogConfig: Applying CVar settings from Section [/Script/UnrealEd.CookerSettings] File [C:/Users/Jalis/Desktop/SneezeGameUnreal/SneezeGameThird/Saved/Config/Windows/Engine.ini]
[2022.03.30-02.58.05:063][  0]LogConfig: Applying CVar settings from Section [ViewDistanceQuality@3] File [C:/Users/Jalis/Desktop/SneezeGameUnreal/SneezeGameThird/Saved/Config/Windows/Scalability.ini]
[2022.03.30-02.58.05:063][  0]LogConfig: Setting CVar [[r.SkeletalMeshLODBias:0]]
[2022.03.30-02.58.05:063][  0]LogConfig: Setting CVar [[r.ViewDistanceScale:1.0]]
[2022.03.30-02.58.05:063][  0]LogConfig: Applying CVar settings from Section [AntiAliasingQuality@3] File [C:/Users/Jalis/Desktop/SneezeGameUnreal/SneezeGameThird/Saved/Config/Windows/Scalability.ini]
[2022.03.30-02.58.05:063][  0]LogConfig: Setting CVar [[r.PostProcessAAQuality:4]]
[2022.03.30-02.58.05:063][  0]LogConfig: Applying CVar settings from Section [ShadowQuality@3] File [C:/Users/Jalis/Desktop/SneezeGameUnreal/SneezeGameThird/Saved/Config/Windows/Scalability.ini]
[2022.03.30-02.58.05:063][  0]LogConfig: Setting CVar [[r.LightFunctionQuality:1]]
[2022.03.30-02.58.05:063][  0]LogConfig: Setting CVar [[r.ShadowQuality:5]]
[2022.03.30-02.58.05:063][  0]LogConfig: Setting CVar [[r.Shadow.CSM.MaxCascades:10]]
[2022.03.30-02.58.05:063][  0]LogConfig: Setting CVar [[r.Shadow.MaxResolution:2048]]
[2022.03.30-02.58.05:063][  0]LogConfig: Setting CVar [[r.Shadow.MaxCSMResolution:2048]]
[2022.03.30-02.58.05:063][  0]LogConfig: Setting CVar [[r.Shadow.RadiusThreshold:0.01]]
[2022.03.30-02.58.05:063][  0]LogConfig: Setting CVar [[r.Shadow.DistanceScale:1.0]]
[2022.03.30-02.58.05:063][  0]LogConfig: Setting CVar [[r.Shadow.CSM.TransitionScale:1.0]]
[2022.03.30-02.58.05:063][  0]LogConfig: Setting CVar [[r.Shadow.PreShadowResolutionFactor:1.0]]
[2022.03.30-02.58.05:063][  0]LogConfig: Setting CVar [[r.DistanceFieldShadowing:1]]
[2022.03.30-02.58.05:063][  0]LogConfig: Setting CVar [[r.DistanceFieldAO:1]]
[2022.03.30-02.58.05:063][  0]LogConfig: Setting CVar [[r.AOQuality:2]]
[2022.03.30-02.58.05:063][  0]LogConfig: Setting CVar [[r.VolumetricFog:1]]
[2022.03.30-02.58.05:063][  0]LogConfig: Setting CVar [[r.VolumetricFog.GridPixelSize:8]]
[2022.03.30-02.58.05:063][  0]LogConfig: Setting CVar [[r.VolumetricFog.GridSizeZ:128]]
[2022.03.30-02.58.05:064][  0]LogConfig: Setting CVar [[r.VolumetricFog.HistoryMissSupersampleCount:4]]
[2022.03.30-02.58.05:064][  0]LogConfig: Setting CVar [[r.LightMaxDrawDistanceScale:1]]
[2022.03.30-02.58.05:064][  0]LogConfig: Setting CVar [[r.CapsuleShadows:1]]
[2022.03.30-02.58.05:064][  0]LogConfig: Applying CVar settings from Section [PostProcessQuality@3] File [C:/Users/Jalis/Desktop/SneezeGameUnreal/SneezeGameThird/Saved/Config/Windows/Scalability.ini]
[2022.03.30-02.58.05:064][  0]LogConfig: Setting CVar [[r.MotionBlurQuality:4]]
[2022.03.30-02.58.05:064][  0]LogConfig: Setting CVar [[r.AmbientOcclusionMipLevelFactor:0.4]]
[2022.03.30-02.58.05:064][  0]LogConfig: Setting CVar [[r.AmbientOcclusionMaxQuality:100]]
[2022.03.30-02.58.05:064][  0]LogConfig: Setting CVar [[r.AmbientOcclusionLevels:-1]]
[2022.03.30-02.58.05:064][  0]LogConfig: Setting CVar [[r.AmbientOcclusionRadiusScale:1.0]]
[2022.03.30-02.58.05:064][  0]LogConfig: Setting CVar [[r.DepthOfFieldQuality:2]]
[2022.03.30-02.58.05:064][  0]LogConfig: Setting CVar [[r.RenderTargetPoolMin:400]]
[2022.03.30-02.58.05:064][  0]LogConfig: Setting CVar [[r.LensFlareQuality:2]]
[2022.03.30-02.58.05:064][  0]LogConfig: Setting CVar [[r.SceneColorFringeQuality:1]]
[2022.03.30-02.58.05:064][  0]LogConfig: Setting CVar [[r.EyeAdaptationQuality:2]]
[2022.03.30-02.58.05:064][  0]LogConfig: Setting CVar [[r.BloomQuality:5]]
[2022.03.30-02.58.05:064][  0]LogConfig: Setting CVar [[r.FastBlurThreshold:100]]
[2022.03.30-02.58.05:064][  0]LogConfig: Setting CVar [[r.Upscale.Quality:3]]
[2022.03.30-02.58.05:064][  0]LogConfig: Setting CVar [[r.Tonemapper.GrainQuantization:1]]
[2022.03.30-02.58.05:064][  0]LogConfig: Setting CVar [[r.LightShaftQuality:1]]
[2022.03.30-02.58.05:064][  0]LogConfig: Setting CVar [[r.Filter.SizeScale:1]]
[2022.03.30-02.58.05:064][  0]LogConfig: Setting CVar [[r.Tonemapper.Quality:5]]
[2022.03.30-02.58.05:064][  0]LogConfig: Setting CVar [[r.DOF.Gather.AccumulatorQuality:1        ; higher gathering accumulator quality]]
[2022.03.30-02.58.05:064][  0]LogConfig: Setting CVar [[r.DOF.Gather.PostfilterMethod:1          ; Median3x3 postfilering method]]
[2022.03.30-02.58.05:064][  0]LogConfig: Setting CVar [[r.DOF.Gather.EnableBokehSettings:0       ; no bokeh simulation when gathering]]
[2022.03.30-02.58.05:064][  0]LogConfig: Setting CVar [[r.DOF.Gather.RingCount:4                 ; medium number of samples when gathering]]
[2022.03.30-02.58.05:064][  0]LogConfig: Setting CVar [[r.DOF.Scatter.ForegroundCompositing:1    ; additive foreground scattering]]
[2022.03.30-02.58.05:064][  0]LogConfig: Setting CVar [[r.DOF.Scatter.BackgroundCompositing:2    ; additive background scattering]]
[2022.03.30-02.58.05:065][  0]LogConfig: Setting CVar [[r.DOF.Scatter.EnableBokehSettings:1      ; bokeh simulation when scattering]]
[2022.03.30-02.58.05:065][  0]LogConfig: Setting CVar [[r.DOF.Scatter.MaxSpriteRatio:0.1         ; only a maximum of 10% of scattered bokeh]]
[2022.03.30-02.58.05:065][  0]LogConfig: Setting CVar [[r.DOF.Recombine.Quality:1                ; cheap slight out of focus]]
[2022.03.30-02.58.05:065][  0]LogConfig: Setting CVar [[r.DOF.Recombine.EnableBokehSettings:0    ; no bokeh simulation on slight out of focus]]
[2022.03.30-02.58.05:065][  0]LogConfig: Setting CVar [[r.DOF.TemporalAAQuality:1                ; more stable temporal accumulation]]
[2022.03.30-02.58.05:065][  0]LogConfig: Setting CVar [[r.DOF.Kernel.MaxForegroundRadius:0.025]]
[2022.03.30-02.58.05:065][  0]LogConfig: Setting CVar [[r.DOF.Kernel.MaxBackgroundRadius:0.025]]
[2022.03.30-02.58.05:065][  0]LogConfig: Applying CVar settings from Section [TextureQuality@3] File [C:/Users/Jalis/Desktop/SneezeGameUnreal/SneezeGameThird/Saved/Config/Windows/Scalability.ini]
[2022.03.30-02.58.05:065][  0]LogConfig: Setting CVar [[r.Streaming.MipBias:0]]
[2022.03.30-02.58.05:065][  0]LogConfig: Setting CVar [[r.Streaming.AmortizeCPUToGPUCopy:0]]
[2022.03.30-02.58.05:065][  0]LogConfig: Setting CVar [[r.Streaming.MaxNumTexturesToStreamPerFrame:0]]
[2022.03.30-02.58.05:065][  0]LogConfig: Setting CVar [[r.Streaming.Boost:1]]
[2022.03.30-02.58.05:065][  0]LogConfig: Setting CVar [[r.MaxAnisotropy:8]]
[2022.03.30-02.58.05:065][  0]LogConfig: Setting CVar [[r.VT.MaxAnisotropy:8]]
[2022.03.30-02.58.05:065][  0]LogConfig: Setting CVar [[r.Streaming.LimitPoolSizeToVRAM:0]]
[2022.03.30-02.58.05:065][  0]LogConfig: Setting CVar [[r.Streaming.PoolSize:1000]]
[2022.03.30-02.58.05:065][  0]LogConfig: Setting CVar [[r.Streaming.MaxEffectiveScreenSize:0]]
[2022.03.30-02.58.05:065][  0]LogConfig: Applying CVar settings from Section [EffectsQuality@3] File [C:/Users/Jalis/Desktop/SneezeGameUnreal/SneezeGameThird/Saved/Config/Windows/Scalability.ini]
[2022.03.30-02.58.05:065][  0]LogConfig: Setting CVar [[r.TranslucencyLightingVolumeDim:64]]
[2022.03.30-02.58.05:065][  0]LogConfig: Setting CVar [[r.RefractionQuality:2]]
[2022.03.30-02.58.05:065][  0]LogConfig: Setting CVar [[r.SSR.Quality:3]]
[2022.03.30-02.58.05:065][  0]LogConfig: Setting CVar [[r.SSR.HalfResSceneColor:0]]
[2022.03.30-02.58.05:065][  0]LogConfig: Setting CVar [[r.SceneColorFormat:4]]
[2022.03.30-02.58.05:065][  0]LogConfig: Setting CVar [[r.DetailMode:2]]
[2022.03.30-02.58.05:065][  0]LogConfig: Setting CVar [[r.TranslucencyVolumeBlur:1]]
[2022.03.30-02.58.05:065][  0]LogConfig: Setting CVar [[r.MaterialQualityLevel:1 ; High quality]]
[2022.03.30-02.58.05:065][  0]LogConfig: Setting CVar [[r.AnisotropicMaterials:1]]
[2022.03.30-02.58.05:065][  0]LogConfig: Setting CVar [[r.SSS.Scale:1]]
[2022.03.30-02.58.05:065][  0]LogConfig: Setting CVar [[r.SSS.SampleSet:2]]
[2022.03.30-02.58.05:066][  0]LogConfig: Setting CVar [[r.SSS.Quality:1]]
[2022.03.30-02.58.05:066][  0]LogConfig: Setting CVar [[r.SSS.HalfRes:0]]
[2022.03.30-02.58.05:066][  0]LogConfig: Setting CVar [[r.SSGI.Quality:3]]
[2022.03.30-02.58.05:066][  0]LogConfig: Setting CVar [[r.EmitterSpawnRateScale:1.0]]
[2022.03.30-02.58.05:066][  0]LogConfig: Setting CVar [[r.ParticleLightQuality:2]]
[2022.03.30-02.58.05:066][  0]LogConfig: Setting CVar [[r.SkyAtmosphere.AerialPerspectiveLUT.FastApplyOnOpaque:1 ; Always have FastSkyLUT 1 in this case to avoid wrong sky]]
[2022.03.30-02.58.05:066][  0]LogConfig: Setting CVar [[r.SkyAtmosphere.AerialPerspectiveLUT.SampleCountMaxPerSlice:4]]
[2022.03.30-02.58.05:066][  0]LogConfig: Setting CVar [[r.SkyAtmosphere.AerialPerspectiveLUT.DepthResolution:16.0]]
[2022.03.30-02.58.05:066][  0]LogConfig: Setting CVar [[r.SkyAtmosphere.FastSkyLUT:1]]
[2022.03.30-02.58.05:066][  0]LogConfig: Setting CVar [[r.SkyAtmosphere.FastSkyLUT.SampleCountMin:4.0]]
[2022.03.30-02.58.05:066][  0]LogConfig: Setting CVar [[r.SkyAtmosphere.FastSkyLUT.SampleCountMax:128.0]]
[2022.03.30-02.58.05:066][  0]LogConfig: Setting CVar [[r.SkyAtmosphere.SampleCountMin:4.0]]
[2022.03.30-02.58.05:066][  0]LogConfig: Setting CVar [[r.SkyAtmosphere.SampleCountMax:128.0]]
[2022.03.30-02.58.05:066][  0]LogConfig: Setting CVar [[r.SkyAtmosphere.TransmittanceLUT.UseSmallFormat:0]]
[2022.03.30-02.58.05:066][  0]LogConfig: Setting CVar [[r.SkyAtmosphere.TransmittanceLUT.SampleCount:10.0]]
[2022.03.30-02.58.05:066][  0]LogConfig: Setting CVar [[r.SkyAtmosphere.MultiScatteringLUT.SampleCount:15.0]]
[2022.03.30-02.58.05:066][  0]LogConfig: Setting CVar [[r.SkyLight.RealTimeReflectionCapture:1]]
[2022.03.30-02.58.05:066][  0]LogConfig: Applying CVar settings from Section [FoliageQuality@3] File [C:/Users/Jalis/Desktop/SneezeGameUnreal/SneezeGameThird/Saved/Config/Windows/Scalability.ini]
[2022.03.30-02.58.05:066][  0]LogConfig: Setting CVar [[foliage.DensityScale:1.0]]
[2022.03.30-02.58.05:066][  0]LogConfig: Setting CVar [[grass.DensityScale:1.0]]
[2022.03.30-02.58.05:066][  0]LogConfig: Applying CVar settings from Section [ShadingQuality@3] File [C:/Users/Jalis/Desktop/SneezeGameUnreal/SneezeGameThird/Saved/Config/Windows/Scalability.ini]
[2022.03.30-02.58.05:066][  0]LogConfig: Setting CVar [[r.HairStrands.SkyLighting.IntegrationType:2]]
[2022.03.30-02.58.05:066][  0]LogConfig: Setting CVar [[r.HairStrands.SkyAO.SampleCount:4]]
[2022.03.30-02.58.05:066][  0]LogConfig: Setting CVar [[r.HairStrands.Visibility.MSAA.SamplePerPixel:4]]
[2022.03.30-02.58.05:066][  0]LogInit: Selected Device Profile: [Windows]
[2022.03.30-02.58.05:067][  0]LogInit: Applying CVar settings loaded from the selected device profile: [Windows]
[2022.03.30-02.58.05:067][  0]LogHAL: Display: Platform has ~ 8 GB [8390643712 / 8589934592 / 8], which maps to Default [LargestMinGB=32, LargerMinGB=12, DefaultMinGB=8, SmallerMinGB=6, SmallestMinGB=0)
[2022.03.30-02.58.05:067][  0]LogInit: Going up to parent DeviceProfile []
[2022.03.30-02.58.05:067][  0]LogConfig: Applying CVar settings from Section [ViewDistanceQuality@3] File [C:/Users/Jalis/Desktop/SneezeGameUnreal/SneezeGameThird/Saved/Config/Windows/Scalability.ini]
[2022.03.30-02.58.05:067][  0]LogConfig: Setting CVar [[r.SkeletalMeshLODBias:0]]
[2022.03.30-02.58.05:067][  0]LogConfig: Setting CVar [[r.ViewDistanceScale:1.0]]
[2022.03.30-02.58.05:067][  0]LogConfig: Applying CVar settings from Section [AntiAliasingQuality@3] File [C:/Users/Jalis/Desktop/SneezeGameUnreal/SneezeGameThird/Saved/Config/Windows/Scalability.ini]
[2022.03.30-02.58.05:067][  0]LogConfig: Setting CVar [[r.PostProcessAAQuality:4]]
[2022.03.30-02.58.05:067][  0]LogConfig: Applying CVar settings from Section [ShadowQuality@3] File [C:/Users/Jalis/Desktop/SneezeGameUnreal/SneezeGameThird/Saved/Config/Windows/Scalability.ini]
[2022.03.30-02.58.05:067][  0]LogConfig: Setting CVar [[r.LightFunctionQuality:1]]
[2022.03.30-02.58.05:067][  0]LogConfig: Setting CVar [[r.ShadowQuality:5]]
[2022.03.30-02.58.05:067][  0]LogConfig: Setting CVar [[r.Shadow.CSM.MaxCascades:10]]
[2022.03.30-02.58.05:068][  0]LogConfig: Setting CVar [[r.Shadow.MaxResolution:2048]]
[2022.03.30-02.58.05:068][  0]LogConfig: Setting CVar [[r.Shadow.MaxCSMResolution:2048]]
[2022.03.30-02.58.05:068][  0]LogConfig: Setting CVar [[r.Shadow.RadiusThreshold:0.01]]
[2022.03.30-02.58.05:068][  0]LogConfig: Setting CVar [[r.Shadow.DistanceScale:1.0]]
[2022.03.30-02.58.05:068][  0]LogConfig: Setting CVar [[r.Shadow.CSM.TransitionScale:1.0]]
[2022.03.30-02.58.05:068][  0]LogConfig: Setting CVar [[r.Shadow.PreShadowResolutionFactor:1.0]]
[2022.03.30-02.58.05:068][  0]LogConfig: Setting CVar [[r.DistanceFieldShadowing:1]]
[2022.03.30-02.58.05:068][  0]LogConfig: Setting CVar [[r.DistanceFieldAO:1]]
[2022.03.30-02.58.05:068][  0]LogConfig: Setting CVar [[r.AOQuality:2]]
[2022.03.30-02.58.05:068][  0]LogConfig: Setting CVar [[r.VolumetricFog:1]]
[2022.03.30-02.58.05:068][  0]LogConfig: Setting CVar [[r.VolumetricFog.GridPixelSize:8]]
[2022.03.30-02.58.05:068][  0]LogConfig: Setting CVar [[r.VolumetricFog.GridSizeZ:128]]
[2022.03.30-02.58.05:068][  0]LogConfig: Setting CVar [[r.VolumetricFog.HistoryMissSupersampleCount:4]]
[2022.03.30-02.58.05:068][  0]LogConfig: Setting CVar [[r.LightMaxDrawDistanceScale:1]]
[2022.03.30-02.58.05:068][  0]LogConfig: Setting CVar [[r.CapsuleShadows:1]]
[2022.03.30-02.58.05:068][  0]LogConfig: Applying CVar settings from Section [PostProcessQuality@3] File [C:/Users/Jalis/Desktop/SneezeGameUnreal/SneezeGameThird/Saved/Config/Windows/Scalability.ini]
[2022.03.30-02.58.05:068][  0]LogConfig: Setting CVar [[r.MotionBlurQuality:4]]
[2022.03.30-02.58.05:068][  0]LogConfig: Setting CVar [[r.AmbientOcclusionMipLevelFactor:0.4]]
[2022.03.30-02.58.05:068][  0]LogConfig: Setting CVar [[r.AmbientOcclusionMaxQuality:100]]
[2022.03.30-02.58.05:068][  0]LogConfig: Setting CVar [[r.AmbientOcclusionLevels:-1]]
[2022.03.30-02.58.05:068][  0]LogConfig: Setting CVar [[r.AmbientOcclusionRadiusScale:1.0]]
[2022.03.30-02.58.05:068][  0]LogConfig: Setting CVar [[r.DepthOfFieldQuality:2]]
[2022.03.30-02.58.05:068][  0]LogConfig: Setting CVar [[r.RenderTargetPoolMin:400]]
[2022.03.30-02.58.05:069][  0]LogConfig: Setting CVar [[r.LensFlareQuality:2]]
[2022.03.30-02.58.05:069][  0]LogConfig: Setting CVar [[r.SceneColorFringeQuality:1]]
[2022.03.30-02.58.05:069][  0]LogConfig: Setting CVar [[r.EyeAdaptationQuality:2]]
[2022.03.30-02.58.05:069][  0]LogConfig: Setting CVar [[r.BloomQuality:5]]
[2022.03.30-02.58.05:069][  0]LogConfig: Setting CVar [[r.FastBlurThreshold:100]]
[2022.03.30-02.58.05:069][  0]LogConfig: Setting CVar [[r.Upscale.Quality:3]]
[2022.03.30-02.58.05:069][  0]LogConfig: Setting CVar [[r.Tonemapper.GrainQuantization:1]]
[2022.03.30-02.58.05:069][  0]LogConfig: Setting CVar [[r.LightShaftQuality:1]]
[2022.03.30-02.58.05:069][  0]LogConfig: Setting CVar [[r.Filter.SizeScale:1]]
[2022.03.30-02.58.05:069][  0]LogConfig: Setting CVar [[r.Tonemapper.Quality:5]]
[2022.03.30-02.58.05:069][  0]LogConfig: Setting CVar [[r.DOF.Gather.AccumulatorQuality:1        ; higher gathering accumulator quality]]
[2022.03.30-02.58.05:069][  0]LogConfig: Setting CVar [[r.DOF.Gather.PostfilterMethod:1          ; Median3x3 postfilering method]]
[2022.03.30-02.58.05:069][  0]LogConfig: Setting CVar [[r.DOF.Gather.EnableBokehSettings:0       ; no bokeh simulation when gathering]]
[2022.03.30-02.58.05:069][  0]LogConfig: Setting CVar [[r.DOF.Gather.RingCount:4                 ; medium number of samples when gathering]]
[2022.03.30-02.58.05:069][  0]LogConfig: Setting CVar [[r.DOF.Scatter.ForegroundCompositing:1    ; additive foreground scattering]]
[2022.03.30-02.58.05:069][  0]LogConfig: Setting CVar [[r.DOF.Scatter.BackgroundCompositing:2    ; additive background scattering]]
[2022.03.30-02.58.05:069][  0]LogConfig: Setting CVar [[r.DOF.Scatter.EnableBokehSettings:1      ; bokeh simulation when scattering]]
[2022.03.30-02.58.05:069][  0]LogConfig: Setting CVar [[r.DOF.Scatter.MaxSpriteRatio:0.1         ; only a maximum of 10% of scattered bokeh]]
[2022.03.30-02.58.05:069][  0]LogConfig: Setting CVar [[r.DOF.Recombine.Quality:1                ; cheap slight out of focus]]
[2022.03.30-02.58.05:069][  0]LogConfig: Setting CVar [[r.DOF.Recombine.EnableBokehSettings:0    ; no bokeh simulation on slight out of focus]]
[2022.03.30-02.58.05:069][  0]LogConfig: Setting CVar [[r.DOF.TemporalAAQuality:1                ; more stable temporal accumulation]]
[2022.03.30-02.58.05:069][  0]LogConfig: Setting CVar [[r.DOF.Kernel.MaxForegroundRadius:0.025]]
[2022.03.30-02.58.05:070][  0]LogConfig: Setting CVar [[r.DOF.Kernel.MaxBackgroundRadius:0.025]]
[2022.03.30-02.58.05:070][  0]LogConfig: Applying CVar settings from Section [TextureQuality@3] File [C:/Users/Jalis/Desktop/SneezeGameUnreal/SneezeGameThird/Saved/Config/Windows/Scalability.ini]
[2022.03.30-02.58.05:070][  0]LogConfig: Setting CVar [[r.Streaming.MipBias:0]]
[2022.03.30-02.58.05:070][  0]LogConfig: Setting CVar [[r.Streaming.AmortizeCPUToGPUCopy:0]]
[2022.03.30-02.58.05:070][  0]LogConfig: Setting CVar [[r.Streaming.MaxNumTexturesToStreamPerFrame:0]]
[2022.03.30-02.58.05:070][  0]LogConfig: Setting CVar [[r.Streaming.Boost:1]]
[2022.03.30-02.58.05:070][  0]LogConfig: Setting CVar [[r.MaxAnisotropy:8]]
[2022.03.30-02.58.05:070][  0]LogConfig: Setting CVar [[r.VT.MaxAnisotropy:8]]
[2022.03.30-02.58.05:070][  0]LogConfig: Setting CVar [[r.Streaming.LimitPoolSizeToVRAM:0]]
[2022.03.30-02.58.05:070][  0]LogConfig: Setting CVar [[r.Streaming.PoolSize:1000]]
[2022.03.30-02.58.05:070][  0]LogConfig: Setting CVar [[r.Streaming.MaxEffectiveScreenSize:0]]
[2022.03.30-02.58.05:070][  0]LogConfig: Applying CVar settings from Section [EffectsQuality@3] File [C:/Users/Jalis/Desktop/SneezeGameUnreal/SneezeGameThird/Saved/Config/Windows/Scalability.ini]
[2022.03.30-02.58.05:070][  0]LogConfig: Setting CVar [[r.TranslucencyLightingVolumeDim:64]]
[2022.03.30-02.58.05:070][  0]LogConfig: Setting CVar [[r.RefractionQuality:2]]
[2022.03.30-02.58.05:070][  0]LogConfig: Setting CVar [[r.SSR.Quality:3]]
[2022.03.30-02.58.05:070][  0]LogConfig: Setting CVar [[r.SSR.HalfResSceneColor:0]]
[2022.03.30-02.58.05:070][  0]LogConfig: Setting CVar [[r.SceneColorFormat:4]]
[2022.03.30-02.58.05:070][  0]LogConfig: Setting CVar [[r.DetailMode:2]]
[2022.03.30-02.58.05:070][  0]LogConfig: Setting CVar [[r.TranslucencyVolumeBlur:1]]
[2022.03.30-02.58.05:070][  0]LogConfig: Setting CVar [[r.MaterialQualityLevel:1 ; High quality]]
[2022.03.30-02.58.05:070][  0]LogConfig: Setting CVar [[r.AnisotropicMaterials:1]]
[2022.03.30-02.58.05:070][  0]LogConfig: Setting CVar [[r.SSS.Scale:1]]
[2022.03.30-02.58.05:070][  0]LogConfig: Setting CVar [[r.SSS.SampleSet:2]]
[2022.03.30-02.58.05:070][  0]LogConfig: Setting CVar [[r.SSS.Quality:1]]
[2022.03.30-02.58.05:071][  0]LogConfig: Setting CVar [[r.SSS.HalfRes:0]]
[2022.03.30-02.58.05:071][  0]LogConfig: Setting CVar [[r.SSGI.Quality:3]]
[2022.03.30-02.58.05:071][  0]LogConfig: Setting CVar [[r.EmitterSpawnRateScale:1.0]]
[2022.03.30-02.58.05:071][  0]LogConfig: Setting CVar [[r.ParticleLightQuality:2]]
[2022.03.30-02.58.05:071][  0]LogConfig: Setting CVar [[r.SkyAtmosphere.AerialPerspectiveLUT.FastApplyOnOpaque:1 ; Always have FastSkyLUT 1 in this case to avoid wrong sky]]
[2022.03.30-02.58.05:071][  0]LogConfig: Setting CVar [[r.SkyAtmosphere.AerialPerspectiveLUT.SampleCountMaxPerSlice:4]]
[2022.03.30-02.58.05:071][  0]LogConfig: Setting CVar [[r.SkyAtmosphere.AerialPerspectiveLUT.DepthResolution:16.0]]
[2022.03.30-02.58.05:071][  0]LogConfig: Setting CVar [[r.SkyAtmosphere.FastSkyLUT:1]]
[2022.03.30-02.58.05:071][  0]LogConfig: Setting CVar [[r.SkyAtmosphere.FastSkyLUT.SampleCountMin:4.0]]
[2022.03.30-02.58.05:071][  0]LogConfig: Setting CVar [[r.SkyAtmosphere.FastSkyLUT.SampleCountMax:128.0]]
[2022.03.30-02.58.05:071][  0]LogConfig: Setting CVar [[r.SkyAtmosphere.SampleCountMin:4.0]]
[2022.03.30-02.58.05:071][  0]LogConfig: Setting CVar [[r.SkyAtmosphere.SampleCountMax:128.0]]
[2022.03.30-02.58.05:071][  0]LogConfig: Setting CVar [[r.SkyAtmosphere.TransmittanceLUT.UseSmallFormat:0]]
[2022.03.30-02.58.05:071][  0]LogConfig: Setting CVar [[r.SkyAtmosphere.TransmittanceLUT.SampleCount:10.0]]
[2022.03.30-02.58.05:071][  0]LogConfig: Setting CVar [[r.SkyAtmosphere.MultiScatteringLUT.SampleCount:15.0]]
[2022.03.30-02.58.05:071][  0]LogConfig: Setting CVar [[r.SkyLight.RealTimeReflectionCapture:1]]
[2022.03.30-02.58.05:071][  0]LogConfig: Applying CVar settings from Section [FoliageQuality@3] File [C:/Users/Jalis/Desktop/SneezeGameUnreal/SneezeGameThird/Saved/Config/Windows/Scalability.ini]
[2022.03.30-02.58.05:071][  0]LogConfig: Setting CVar [[foliage.DensityScale:1.0]]
[2022.03.30-02.58.05:071][  0]LogConfig: Setting CVar [[grass.DensityScale:1.0]]
[2022.03.30-02.58.05:071][  0]LogConfig: Applying CVar settings from Section [ShadingQuality@3] File [C:/Users/Jalis/Desktop/SneezeGameUnreal/SneezeGameThird/Saved/Config/Windows/Scalability.ini]
[2022.03.30-02.58.05:071][  0]LogConfig: Setting CVar [[r.HairStrands.SkyLighting.IntegrationType:2]]
[2022.03.30-02.58.05:071][  0]LogConfig: Setting CVar [[r.HairStrands.SkyAO.SampleCount:4]]
[2022.03.30-02.58.05:072][  0]LogConfig: Setting CVar [[r.HairStrands.Visibility.MSAA.SamplePerPixel:4]]
[2022.03.30-02.58.05:072][  0]LogConfig: Applying CVar settings from Section [Startup] File [../../../Engine/Config/ConsoleVariables.ini]
[2022.03.30-02.58.05:073][  0]LogConfig: Setting CVar [[net.UseAdaptiveNetUpdateFrequency:0]]
[2022.03.30-02.58.05:073][  0]LogConfig: Setting CVar [[p.chaos.AllowCreatePhysxBodies:1]]
[2022.03.30-02.58.05:073][  0]LogConfig: Setting CVar [[fx.SkipVectorVMBackendOptimizations:1]]
[2022.03.30-02.58.05:073][  0]LogConfig: Applying CVar settings from Section [ConsoleVariables] File [C:/Users/Jalis/Desktop/SneezeGameUnreal/SneezeGameThird/Saved/Config/Windows/Engine.ini]
[2022.03.30-02.58.05:073][  0]LogConfig: Applying CVar settings from Section [ConsoleVariables] File [C:/Users/Jalis/Desktop/SneezeGameUnreal/SneezeGameThird/Saved/Config/Windows/Editor.ini]
[2022.03.30-02.58.05:073][  0]LogInit: Computer: LAPTOP-81TU5OG1
[2022.03.30-02.58.05:073][  0]LogInit: User: Jalis
[2022.03.30-02.58.05:073][  0]LogInit: CPU Page size=4096, Cores=4
[2022.03.30-02.58.05:073][  0]LogInit: High frequency timer resolution =10.000000 MHz
[2022.03.30-02.58.05:073][  0]LogMemory: Memory total: Physical=7.8GB (8GB approx)
[2022.03.30-02.58.05:073][  0]LogMemory: Platform Memory Stats for Windows
[2022.03.30-02.58.05:073][  0]LogMemory: Process Physical Memory: 141.27 MB used, 141.27 MB peak
[2022.03.30-02.58.05:073][  0]LogMemory: Process Virtual Memory: 124.57 MB used, 124.57 MB peak
[2022.03.30-02.58.05:073][  0]LogMemory: Physical Memory: 6353.12 MB used,  1648.82 MB free, 8001.94 MB total
[2022.03.30-02.58.05:074][  0]LogMemory: Virtual Memory: 134212560.00 MB used,  5171.87 MB free, 134217728.00 MB total
[2022.03.30-02.58.05:096][  0]LogWindows: WindowsPlatformFeatures enabled
[2022.03.30-02.58.05:211][  0]LogInit: Physics initialised using underlying interface: PhysX
[2022.03.30-02.58.05:213][  0]LogInit: Using OS detected language (en-US).
[2022.03.30-02.58.05:213][  0]LogInit: Using OS detected locale (en-US).
[2022.03.30-02.58.05:225][  0]LogTextLocalizationManager: No specific localization for 'en-US' exists, so the 'en' localization will be used.
[2022.03.30-02.58.06:001][  0]LogInit: Setting process to per monitor DPI aware
[2022.03.30-02.58.06:037][  0]LogWindowsTextInputMethodSystem: Display: IME system deactivated.
[2022.03.30-02.58.06:086][  0]LogSlate: New Slate User Created.  User Index 0, Is Virtual User: 0
[2022.03.30-02.58.06:086][  0]LogSlate: Slate User Registered.  User Index 0, Is Virtual User: 0
[2022.03.30-02.58.06:670][  0]LogD3D11RHI: Loaded GFSDK_Aftermath_Lib.x64.dll
[2022.03.30-02.58.06:689][  0]LogHMD: Failed to initialize OpenVR with code 110
[2022.03.30-02.58.06:689][  0]LogD3D11RHI: D3D11 min allowed feature level: 11_0
[2022.03.30-02.58.06:689][  0]LogD3D11RHI: D3D11 max allowed feature level: 11_0
[2022.03.30-02.58.06:689][  0]LogD3D11RHI: D3D11 adapters:
[2022.03.30-02.58.06:832][  0]LogD3D11RHI:    0. 'Radeon RX 560X' (Feature Level 11_0)
[2022.03.30-02.58.06:832][  0]LogD3D11RHI:       4077/0/4000 MB DedicatedVideo/DedicatedSystem/SharedSystem, Outputs:1, VendorId:0x1002
[2022.03.30-02.58.06:939][  0]LogD3D11RHI:    1. 'AMD Radeon(TM) Vega 8 Graphics' (Feature Level 11_0)
[2022.03.30-02.58.06:939][  0]LogD3D11RHI:       112/0/4000 MB DedicatedVideo/DedicatedSystem/SharedSystem, Outputs:0, VendorId:0x1002
[2022.03.30-02.58.06:946][  0]LogD3D11RHI:    2. 'Microsoft Basic Render Driver' (Feature Level 11_0)
[2022.03.30-02.58.06:946][  0]LogD3D11RHI:       0/0/4000 MB DedicatedVideo/DedicatedSystem/SharedSystem, Outputs:0, VendorId:0x1414
[2022.03.30-02.58.06:946][  0]LogD3D11RHI: Chosen D3D11 Adapter:
[2022.03.30-02.58.06:946][  0]LogD3D11RHI:     Description : Radeon RX 560X
[2022.03.30-02.58.06:946][  0]LogD3D11RHI:     VendorId    : 1002
[2022.03.30-02.58.06:946][  0]LogD3D11RHI:     DeviceId    : 67ef
[2022.03.30-02.58.06:946][  0]LogD3D11RHI:     SubSysId    : 1eae1043
[2022.03.30-02.58.06:946][  0]LogD3D11RHI:     Revision    : 00e5
[2022.03.30-02.58.06:946][  0]LogD3D11RHI:     DedicatedVideoMemory : 4275740672 bytes
[2022.03.30-02.58.06:946][  0]LogD3D11RHI:     DedicatedSystemMemory : 0 bytes
[2022.03.30-02.58.06:946][  0]LogD3D11RHI:     SharedSystemMemory : 4195321856 bytes
[2022.03.30-02.58.06:947][  0]LogD3D11RHI:     AdapterLuid : 0 49879
[2022.03.30-02.58.06:971][  0]LogD3D11RHI: Creating new Direct3DDevice
[2022.03.30-02.58.06:971][  0]LogD3D11RHI:     GPU DeviceId: 0x67ef (for the marketing name, search the web for "GPU Device Id")
[2022.03.30-02.58.06:971][  0]LogWindows: EnumDisplayDevices:
[2022.03.30-02.58.06:972][  0]LogWindows:    0. 'AMD Radeon(TM) Vega 8 Graphics' (P:1 D:1)
[2022.03.30-02.58.06:973][  0]LogWindows:    1. 'AMD Radeon(TM) Vega 8 Graphics' (P:0 D:0)
[2022.03.30-02.58.06:973][  0]LogWindows:    2. 'AMD Radeon(TM) Vega 8 Graphics' (P:0 D:0)
[2022.03.30-02.58.06:974][  0]LogWindows:    3. 'AMD Radeon(TM) Vega 8 Graphics' (P:0 D:0)
[2022.03.30-02.58.06:975][  0]LogWindows: DebugString: PrimaryIsNotTheChoosenAdapter PrimaryIsNotTheChoosenAdapter PrimaryIsNotTheChoosenAdapter PrimaryIsNotTheChoosenAdapter FoundDriverCount:0 
[2022.03.30-02.58.06:975][  0]LogD3D11RHI:     Adapter Name: Radeon RX 560X
[2022.03.30-02.58.06:975][  0]LogD3D11RHI:   Driver Version: Unknown (internal:Unknown, unified:Unknown)
[2022.03.30-02.58.06:975][  0]LogD3D11RHI:      Driver Date: Unknown
[2022.03.30-02.58.06:975][  0]LogRHI: Texture pool is 2426 MB (70% of 3466 MB)
[2022.03.30-02.58.07:021][  0]LogD3D11RHI: Creating D3DDevice with AMD AGS, using adapter:
[2022.03.30-02.58.07:021][  0]LogD3D11RHI:     Description : Radeon RX 560X
[2022.03.30-02.58.07:021][  0]LogD3D11RHI:     VendorId    : 1002
[2022.03.30-02.58.07:022][  0]LogD3D11RHI:     DeviceId    : 67ef
[2022.03.30-02.58.07:022][  0]LogD3D11RHI:     SubSysId    : 1eae1043
[2022.03.30-02.58.07:022][  0]LogD3D11RHI:     Revision    : 00e5
[2022.03.30-02.58.07:022][  0]LogD3D11RHI:     DedicatedVideoMemory : 4275740672 bytes
[2022.03.30-02.58.07:022][  0]LogD3D11RHI:     DedicatedSystemMemory : 0 bytes
[2022.03.30-02.58.07:022][  0]LogD3D11RHI:     SharedSystemMemory : 4195321856 bytes
[2022.03.30-02.58.07:022][  0]LogD3D11RHI:     AdapterLuid : 0 49879
[2022.03.30-02.58.07:127][  0]LogD3D11RHI: Created device via AGS, feature level 11_0, supported extensions ffffbf.
[2022.03.30-02.58.07:128][  0]LogD3D11RHI: RHI does not have support for 64 bit atomics
[2022.03.30-02.58.07:128][  0]LogD3D11RHI: Async texture creation enabled
[2022.03.30-02.58.07:128][  0]LogD3D11RHI: Array index from any shader is supported
[2022.03.30-02.58.07:153][  0]LogD3D11RHI: GPU Timing Frequency: 25.000000 (Debug: 2 1)
[2022.03.30-02.58.08:306][  0]LogTargetPlatformManager: Display: Loaded TargetPlatform 'AllDesktop'
[2022.03.30-02.58.08:374][  0]LogTargetPlatformManager: Display: Loaded TargetPlatform 'Android'
[2022.03.30-02.58.08:374][  0]LogTargetPlatformManager: Display: Loaded TargetPlatform 'Android_ASTC'
[2022.03.30-02.58.08:375][  0]LogTargetPlatformManager: Display: Loaded TargetPlatform 'Android_DXT'
[2022.03.30-02.58.08:375][  0]LogTargetPlatformManager: Display: Loaded TargetPlatform 'Android_ETC2'
[2022.03.30-02.58.08:375][  0]LogTargetPlatformManager: Display: Loaded TargetPlatform 'AndroidClient'
[2022.03.30-02.58.08:375][  0]LogTargetPlatformManager: Display: Loaded TargetPlatform 'Android_ASTCClient'
[2022.03.30-02.58.08:375][  0]LogTargetPlatformManager: Display: Loaded TargetPlatform 'Android_DXTClient'
[2022.03.30-02.58.08:375][  0]LogTargetPlatformManager: Display: Loaded TargetPlatform 'Android_ETC2Client'
[2022.03.30-02.58.08:375][  0]LogTargetPlatformManager: Display: Loaded TargetPlatform 'Android_Multi'
[2022.03.30-02.58.08:375][  0]LogTargetPlatformManager: Display: Loaded TargetPlatform 'Android_MultiClient'
[2022.03.30-02.58.08:437][  0]LogTargetPlatformManager: Display: Loaded TargetPlatform 'IOSClient'
[2022.03.30-02.58.08:437][  0]LogTargetPlatformManager: Display: Loaded TargetPlatform 'IOS'
[2022.03.30-02.58.08:472][  0]LogTargetPlatformManager: Display: Loaded TargetPlatform 'Linux'
[2022.03.30-02.58.08:490][  0]LogTargetPlatformManager: Display: Loaded TargetPlatform 'LinuxNoEditor'
[2022.03.30-02.58.08:508][  0]LogTargetPlatformManager: Display: Loaded TargetPlatform 'LinuxClient'
[2022.03.30-02.58.08:526][  0]LogTargetPlatformManager: Display: Loaded TargetPlatform 'LinuxServer'
[2022.03.30-02.58.08:561][  0]LogTargetPlatformManager: Display: Loaded TargetPlatform 'LinuxAArch64NoEditor'
[2022.03.30-02.58.08:578][  0]LogTargetPlatformManager: Display: Loaded TargetPlatform 'LinuxAArch64Client'
[2022.03.30-02.58.08:596][  0]LogTargetPlatformManager: Display: Loaded TargetPlatform 'LinuxAArch64Server'
[2022.03.30-02.58.08:678][  0]LogTargetPlatformManager: Display: Loaded TargetPlatform 'Lumin'
[2022.03.30-02.58.08:678][  0]LogTargetPlatformManager: Display: Loaded TargetPlatform 'LuminClient'
[2022.03.30-02.58.08:709][  0]LogTargetPlatformManager: Display: Loaded TargetPlatform 'MacNoEditor'
[2022.03.30-02.58.08:727][  0]LogTargetPlatformManager: Display: Loaded TargetPlatform 'Mac'
[2022.03.30-02.58.08:743][  0]LogTargetPlatformManager: Display: Loaded TargetPlatform 'MacClient'
[2022.03.30-02.58.08:760][  0]LogTargetPlatformManager: Display: Loaded TargetPlatform 'MacServer'
[2022.03.30-02.58.08:797][  0]LogTargetPlatformManager: Display: Loaded TargetPlatform 'TVOSClient'
[2022.03.30-02.58.08:797][  0]LogTargetPlatformManager: Display: Loaded TargetPlatform 'TVOS'
[2022.03.30-02.58.08:828][  0]LogTargetPlatformManager: Display: Loaded TargetPlatform 'WindowsNoEditor'
[2022.03.30-02.58.08:845][  0]LogTargetPlatformManager: Display: Loaded TargetPlatform 'Windows'
[2022.03.30-02.58.08:863][  0]LogTargetPlatformManager: Display: Loaded TargetPlatform 'WindowsClient'
[2022.03.30-02.58.08:880][  0]LogTargetPlatformManager: Display: Loaded TargetPlatform 'WindowsServer'
[2022.03.30-02.58.08:880][  0]LogTargetPlatformManager: Display: Building Assets For Windows
[2022.03.30-02.58.08:913][  0]LogAudioDebug: Display: Lib vorbis DLL was dynamically loaded.
[2022.03.30-02.58.09:057][  0]LogTextureFormatOodle: Display: Oodle Texture 2.9.0 init RDO Off
[2022.03.30-02.58.09:228][  0]LogRendererCore: Ray tracing is disabled. Reason: r.RayTracing=0.
[2022.03.30-02.58.09:228][  0]LogShaderCompilers: Guid format shader working directory is -25 characters bigger than the processId version (../../../../../../Users/Jalis/Desktop/SneezeGameUnreal/SneezeGameThird/Intermediate/Shaders/WorkingDirectory/34156/).
[2022.03.30-02.58.09:229][  0]LogShaderCompilers: Cleaned the shader compiler working directory 'C:/Users/Jalis/AppData/Local/Temp/UnrealShaderWorkingDir/5FD2CB1B4030B1FBCCC26B891AFBBD53/'.
[2022.03.30-02.58.09:229][  0]LogXGEController: Cannot use XGE Controller as Incredibuild is not installed on this machine.
[2022.03.30-02.58.09:230][  0]LogShaderCompilers: Cannot use XGE Shader Compiler as Incredibuild is not installed on this machine.
[2022.03.30-02.58.09:230][  0]LogShaderCompilers: Display: Using Local Shader Compiler.
[2022.03.30-02.58.11:805][  0]LogDerivedDataCache: Display: Max Cache Size: 512 MB
[2022.03.30-02.58.11:976][  0]LogDerivedDataCache: Loaded boot cache 0.17s 94MB C:/Users/Jalis/AppData/Local/UnrealEngine/4.27/DerivedDataCache/Boot.ddc.
[2022.03.30-02.58.11:976][  0]LogDerivedDataCache: Display: Loaded Boot cache: C:/Users/Jalis/AppData/Local/UnrealEngine/4.27/DerivedDataCache/Boot.ddc
[2022.03.30-02.58.11:977][  0]LogDerivedDataCache: FDerivedDataBackendGraph:  Pak pak cache file ../../../../../../Users/Jalis/Desktop/SneezeGameUnreal/SneezeGameThird/DerivedDataCache/DDC.ddp not found, will not use a pak cache.
[2022.03.30-02.58.11:977][  0]LogDerivedDataCache: Unable to find inner node Pak for hierarchical cache Hierarchy.
[2022.03.30-02.58.11:977][  0]LogDerivedDataCache: FDerivedDataBackendGraph:  CompressedPak pak cache file ../../../../../../Users/Jalis/Desktop/SneezeGameUnreal/SneezeGameThird/DerivedDataCache/Compressed.ddp not found, will not use a pak cache.
[2022.03.30-02.58.11:977][  0]LogDerivedDataCache: Unable to find inner node CompressedPak for hierarchical cache Hierarchy.
[2022.03.30-02.58.12:032][  0]LogDerivedDataCache: Display: Pak cache opened for reading ../../../Engine/DerivedDataCache/Compressed.ddp.
[2022.03.30-02.58.12:034][  0]LogDerivedDataCache: FDerivedDataBackendGraph:  EnterprisePak pak cache file ../../../Enterprise/DerivedDataCache/Compressed.ddp not found, will not use a pak cache.
[2022.03.30-02.58.12:034][  0]LogDerivedDataCache: Unable to find inner node EnterprisePak for hierarchical cache Hierarchy.
[2022.03.30-02.58.12:083][  0]LogDerivedDataCache: Speed tests for C:/Users/Jalis/AppData/Local/UnrealEngine/Common/DerivedDataCache took 0.05 seconds
[2022.03.30-02.58.12:084][  0]LogDerivedDataCache: Display: Performance to C:/Users/Jalis/AppData/Local/UnrealEngine/Common/DerivedDataCache: Latency=0.18ms. RandomReadSpeed=311.86MBs, RandomWriteSpeed=21.31MBs. Assigned SpeedClass 'Local'
[2022.03.30-02.58.12:090][  0]LogDerivedDataCache: Using Local data cache path C:/Users/Jalis/AppData/Local/UnrealEngine/Common/DerivedDataCache: Writable
[2022.03.30-02.58.12:091][  0]LogDerivedDataCache: Shared data cache path not found in *engine.ini, will not use an Shared cache.
[2022.03.30-02.58.12:091][  0]LogDerivedDataCache: Unable to find inner node Shared for hierarchical cache Hierarchy.
[2022.03.30-02.58.12:256][  0]LogSlate: Using FreeType 2.10.0
[2022.03.30-02.58.12:258][  0]LogSlate: SlateFontServices - WITH_FREETYPE: 1, WITH_HARFBUZZ: 1
[2022.03.30-02.58.12:331][  0]LogAssetRegistry: FAssetRegistry took 0.0091 seconds to start up
[2022.03.30-02.58.13:565][  0]LogInit: Selected Device Profile: [Windows]
[2022.03.30-02.58.13:565][  0]LogInit: Active device profile: [00000201D5900F00][00000201CA948840 49] Windows
[2022.03.30-02.58.13:565][  0]LogInit: Profiles: [00000201D5900F00][00000201CA948840 49] Windows, [00000201D58CA400][00000201CA944980 49] WindowsNoEditor, [00000201D5901F00][00000201D4422AC0 49] WindowsServer, [00000201D58C9600][00000201D442AC40 49] WindowsClient, [00000201D5901000][00000201D442EDC0 49] IOS, [00000201D58CBA00][00000201D4432F40 49] iPadAir, [00000201D5903300][00000201D44370C0 49] iPadAir2, [00000201D5869300][00000201D443F380 49] IPadPro, [00000201D5869400][00000201D443B3C0 49] iPadAir3, [00000201D58C8B00][00000201D4443540 49] iPadAir4, [00000201D586A100][00000201D44476C0 49] iPadMini2, [00000201D58CB400][00000201D444B840 49] iPadMini3, [00000201D586AC00][00000201D66B39C0 49] iPadMini4, [00000201D58CA700][00000201D66B7B40 49] iPadMini5, [00000201D5898E00][00000201D6700280 49] iPhone6, [00000201D5898F00][00000201D66FC2C0 49] iPodTouch6, [00000201D5902800][00000201D6708580 49] iPhone7, [00000201D5902900][00000201D67045C0 49] iPodTouch7, [00000201D5868C00][00000201D670C740 49] iPhone5S, [00000201D5901300][00000201D67108C0 49] iPhone6Plus, [00000201D586AA00][00000201D4426A00 49] iPhone6S, [00000201D5902D00][00000201D6714B40 49] iPhone6SPlus, [00000201D5898100][00000201D6718C80 49] iPhone7Plus, [00000201D5869D00][00000201D671CDC0 49] iPhoneSE, [00000201D5898C00][00000201D6724F40 49] iPhone8, [00000201D5868400][00000201D67290C0 49] iPhone8Plus, [00000201D589AA00][00000201D672D240 49] iPhoneX, [00000201D586BC00][00000201D67313C0 49] iPhoneXS, [00000201D589A900][00000201D6735540 49] iPhoneXSMax, [00000201D5868B00][00000201D67396C0 49] iPhoneXR, [00000201D5903800][00000201D673D840 49] iPhone11, [00000201D586BD00][00000201D67419C0 49] iPhone11Pro, [00000201D5901C00][00000201D6745B40 49] iPhone11ProMax, [00000201D5869100][00000201D6748140 49] iPhoneSE2, [00000201D5901200][00000201D674C2C0 49] iPhone12Mini, [00000201D586B100][00000201D6750440 49] iPhone12, [00000201D5900900][00000201D67545C0 49] iPhone12Pro, [00000201D5868D00][00000201D6758740 49] iPhone12ProMax, [00000201D5903C00][00000201D675C8C0 49] iPadPro105, [00000201D586B700][00000201D6760A40 49] iPadPro129, [00000201D5903000][00000201D6720B80 49] iPadPro97, [00000201D5868F00][00000201D6764CC0 49] iPadPro2_129, [00000201D5900C00][00000201D6768E00 49] iPad5, [00000201D586BB00][00000201D676CF40 49] iPad6, [00000201D5900400][00000201D67750C0 49] iPad7, [00000201D586BE00][00000201D6779240 49] iPad8, [00000201D5901B00][00000201D677D3C0 49] iPadPro11, [00000201D586A400][00000201D6781540 49] iPadPro2_11, [00000201D5900800][00000201D67856C0 49] iPadPro3_129, [00000201D586A800][00000201D6789840 49] iPadPro4_129, [00000201D5902F00][00000201D678D9C0 49] AppleTV, [00000201D5869200][00000201D6791B40 49] AppleTV4K, [00000201D5901700][00000201D6794140 49] TVOS, [00000201D586B600][00000201D67982C0 49] Mac, [00000201D5903A00][00000201D679C440 49] MacClient, [00000201D586A500][00000201D67A05C0 49] MacNoEditor, [00000201D5900500][00000201D67A4740 49] MacServer, [00000201D586A000][00000201D67A88C0 49] Linux, [00000201D5903B00][00000201D67ACA40 49] LinuxAArch64, [00000201D5868300][00000201D67B0BC0 49] LinuxNoEditor, [00000201D5903700][00000201D67CAD40 49] LinuxAArch64NoEditor, [00000201D586A600][00000201D6770E80 49] LinuxClient, [00000201D5902600][00000201D684CFC0 49] LinuxAArch64Client, [00000201D5869A00][00000201D6851100 49] LinuxServer, [00000201D5900200][00000201D6859280 49] LinuxAArch64Server, [00000201D5869600][00000201D685D400 49] Android, [00000201D5902100][00000201D7871580 49] Android_Low, [00000201D586B800][00000201D7875700 49] Android_Mid, [00000201D5900600][00000201D7879880 49] Android_High, [00000201D586A300][00000201D787DA00 49] Android_Default, [00000201D5902300][00000201D7881B80 49] Android_Adreno4xx, [00000201D586B000][00000201D7884180 49] Android_Adreno5xx_Low, [00000201D5902A00][00000201D7888300 49] Android_Adreno5xx, [00000201D5868100][00000201D788C480 49] Android_Adreno6xx, [00000201D5900B00][00000201D7890600 49] Android_Adreno6xx_Vulkan, [00000201D5868A00][00000201D7894780 49] Android_Mali_T6xx, [00000201D5900700][00000201D7898900 49] Android_Mali_T7xx, [00000201D58C9A00][00000201D789CA80 49] Android_Mali_T8xx, [00000201D5898300][00000201D78A0C00 49] Android_Mali_G71, [00000201D58C8600][00000201D78A4D80 49] Android_Mali_G72, [00000201D5899200][00000201D78A8F00 49] Android_Mali_G72_Vulkan, [00000201D58CBE00][00000201D6855040 49] Android_Mali_G76, [00000201D5898700][00000201D78AD180 49] Android_Mali_G76_Vulkan, [00000201D58CBD00][00000201D78B12C0 49] Android_Mali_G77, [00000201D589BB00][00000201D78B9440 49] Android_Mali_G77_Vulkan, [00000201D58C9B00][00000201D78BD5C0 49] Android_Mali_G78, [00000201D589B100][00000201D78C1740 49] Android_Mali_G78_Vulkan, [00000201D58CB900][00000201D78C58C0 49] Android_Mali_G710, [00000201D589AC00][00000201D78C9A40 49] Android_Mali_G710_Vulkan, [00000201D58CB600][00000201D78CDBC0 49] Android_Vulkan_SM5, [00000201D589B800][00000201D78D01C0 49] Android_PowerVR_G6xxx, [00000201D58C9900][00000201D78D4340 49] Android_PowerVR_GT7xxx, [00000201D5899D00][00000201D78D84C0 49] Android_PowerVR_GE8xxx, [00000201D58CAD00][00000201D78DC640 49] Android_PowerVR_GM9xxx, [00000201D5898800][00000201D78E07C0 49] Android_PowerVR_GM9xxx_Vulkan, [00000201D58C9C00][00000201D78E4940 49] Android_TegraK1, [00000201D5899000][00000201D78E8AC0 49] Android_Unknown_Vulkan, [00000201D58CA300][00000201D78ECC40 49] Lumin, [00000201D589BE00][00000201D78F0DC0 49] Lumin_Desktop, [00000201D58CAB00][00000201D78F4F40 49] HoloLens, 
[2022.03.30-02.58.14:254][  0]LogMeshReduction: Using QuadricMeshReduction for automatic static mesh reduction
[2022.03.30-02.58.14:255][  0]LogMeshReduction: Using SimplygonMeshReduction for automatic skeletal mesh reduction
[2022.03.30-02.58.14:255][  0]LogMeshReduction: Using ProxyLODMeshReduction for automatic mesh merging
[2022.03.30-02.58.14:255][  0]LogMeshReduction: No distributed automatic mesh merging module available
[2022.03.30-02.58.14:255][  0]LogMeshMerging: No distributed automatic mesh merging module available
[2022.03.30-02.58.14:325][  0]LogNetVersion: SneezeGameThird 1.0.0, NetCL: 17155196, EngineNetVer: 17, GameNetVer: 0 (Checksum: 4027740418)
[2022.03.30-02.58.16:743][  0]LogTexture: Default maximum texture size for cubemaps generated from long-lat sources has been changed from 512 to unlimited. In order to preserve old behaiour for '/Engine/MapTemplates/Sky/DaylightAmbientCubemap.DaylightAmbientCubemap', its maximum texture size has been explicitly set to 512.
[2022.03.30-02.58.17:064][  0]LogHMD: PokeAHoleMaterial loaded successfully
[2022.03.30-02.58.17:092][  0]LogUObjectArray: 17178 objects as part of root set at end of initial load.
[2022.03.30-02.58.17:092][  0]LogUObjectAllocator: 4302048 out of 0 bytes used by permanent object pool.
[2022.03.30-02.58.17:092][  0]LogUObjectArray: CloseDisregardForGC: 0/0 objects in disregard for GC pool
[2022.03.30-02.58.18:919][  0]LogNiagaraDebuggerClient: Niagara Debugger Client Initialized | Session: D345C0D14242C317841E628619674AE7 | Instance: 3493EFD44AE20064470F37ABFB3B6D97 (LAPTOP-81TU5OG1-34156).
[2022.03.30-02.58.19:588][  0]LogPython: Using Python 3.7.7
